<?xml version="1.0" encoding="UTF-8"?>
<!-- Generated by org.testng.reporters.JUnitReportReporter -->
<testsuite skipped="0" hostname="SONY-PC" name="qaclickacademy.AppiumTest" tests="2" failures="0" timestamp="2020-01-21T17:27:18 EST" time="0.019" errors="0">
  <testcase name="NativeAppAndroid" time="0.003" classname="qaclickacademy.AppiumTest"/>
  <testcase name="IOSapps" time="0.016" classname="qaclickacademy.AppiumTest"/>
</testsuite> <!-- qaclickacademy.AppiumTest -->
