<?xml version="1.0" encoding="UTF-8"?>
<!-- Generated by org.testng.reporters.JUnitReportReporter -->
<testsuite skipped="0" hostname="SONY-PC" name="qaclickacademy.RESTAPITest" tests="2" failures="0" timestamp="2020-01-21T17:27:18 EST" time="0.007" errors="0">
  <testcase name="PostJira" time="0.003" classname="qaclickacademy.RESTAPITest"/>
  <testcase name="TwitterDelete" time="0.004" classname="qaclickacademy.RESTAPITest"/>
</testsuite> <!-- qaclickacademy.RESTAPITest -->
