<?xml version="1.0" encoding="UTF-8"?>
<!-- Generated by org.testng.reporters.JUnitReportReporter -->
<testsuite skipped="0" hostname="SONY-PC" name="qaclickacademy.RESTAPITest" tests="2" failures="0" timestamp="2020-01-17T03:05:27 EST" time="0.001" errors="0">
  <testcase name="PostJira" time="0.001" classname="qaclickacademy.RESTAPITest"/>
  <system-out/>
  <testcase name="TwitterDelete" time="0.000" classname="qaclickacademy.RESTAPITest"/>
  <system-out/>
</testsuite> <!-- qaclickacademy.RESTAPITest -->
