<?xml version="1.0" encoding="UTF-8"?>
<!-- Generated by org.testng.reporters.JUnitReportReporter -->
<testsuite skipped="0" hostname="SONY-PC" name="qaclickacademy.SeleniumTest" tests="1" failures="0" timestamp="2020-01-17T03:05:27 EST" time="0.006" errors="0">
  <testcase name="elementsUi" time="0.006" classname="qaclickacademy.SeleniumTest"/>
  <system-out/>
</testsuite> <!-- qaclickacademy.SeleniumTest -->
